<?xml version="1.0" encoding="UTF-8"?>
<testng-results ignored="0" total="3" passed="2" failed="1" skipped="0">
  <reporter-output>
  </reporter-output>
  <suite started-at="2024-06-13T10:22:53 IST" name="Default suite" finished-at="2024-06-13T10:22:53 IST" duration-ms="54">
    <groups>
    </groups>
    <test started-at="2024-06-13T10:22:53 IST" name="Default test" finished-at="2024-06-13T10:22:53 IST" duration-ms="54">
      <class name="AshotAPI.YahooMailTest">
        <test-method is-config="true" signature="beforeSuite()[pri:0, instance:AshotAPI.YahooMailTest@4d14b6c2]" started-at="2024-06-13T10:22:53 IST" name="beforeSuite" finished-at="2024-06-13T10:22:53 IST" duration-ms="10" status="PASS">
          <reporter-output>
          </reporter-output>
        </test-method> <!-- beforeSuite -->
        <test-method is-config="true" signature="beforeClass()[pri:0, instance:AshotAPI.YahooMailTest@4d14b6c2]" started-at="2024-06-13T10:22:53 IST" name="beforeClass" finished-at="2024-06-13T10:22:53 IST" duration-ms="0" status="PASS">
          <reporter-output>
          </reporter-output>
        </test-method> <!-- beforeClass -->
        <test-method is-config="true" signature="beforeMethod()[pri:0, instance:AshotAPI.YahooMailTest@4d14b6c2]" started-at="2024-06-13T10:22:53 IST" name="beforeMethod" finished-at="2024-06-13T10:22:53 IST" duration-ms="0" status="PASS">
          <reporter-output>
          </reporter-output>
        </test-method> <!-- beforeMethod -->
        <test-method signature="testMethod1()[pri:0, instance:AshotAPI.YahooMailTest@4d14b6c2]" started-at="2024-06-13T10:22:53 IST" name="testMethod1" finished-at="2024-06-13T10:22:53 IST" duration-ms="5" status="PASS">
          <reporter-output>
          </reporter-output>
        </test-method> <!-- testMethod1 -->
        <test-method is-config="true" signature="afterMethod()[pri:0, instance:AshotAPI.YahooMailTest@4d14b6c2]" started-at="2024-06-13T10:22:53 IST" name="afterMethod" finished-at="2024-06-13T10:22:53 IST" duration-ms="0" status="PASS">
          <reporter-output>
          </reporter-output>
        </test-method> <!-- afterMethod -->
        <test-method signature="testMethod2()[pri:0, instance:AshotAPI.YahooMailTest@4d14b6c2]" started-at="2024-06-13T10:22:53 IST" name="testMethod2" finished-at="2024-06-13T10:22:53 IST" duration-ms="1" status="FAIL">
          <exception class="java.lang.ArithmeticException">
            <message>
              <![CDATA[/ by zero]]>
            </message>
            <full-stacktrace>
              <![CDATA[java.lang.ArithmeticException: / by zero
at AshotAPI.YahooMailTest.testMethod2(YahooMailTest.java:41)
at java.base/jdk.internal.reflect.NativeMethodAccessorImpl.invoke0(Native Method)
at java.base/jdk.internal.reflect.NativeMethodAccessorImpl.invoke(NativeMethodAccessorImpl.java:77)
at java.base/jdk.internal.reflect.DelegatingMethodAccessorImpl.invoke(DelegatingMethodAccessorImpl.java:43)
at java.base/java.lang.reflect.Method.invoke(Method.java:568)
at org.testng.internal.invokers.MethodInvocationHelper.invokeMethod(MethodInvocationHelper.java:141)
at org.testng.internal.invokers.TestInvoker.invokeMethod(TestInvoker.java:686)
at org.testng.internal.invokers.TestInvoker.invokeTestMethod(TestInvoker.java:230)
at org.testng.internal.invokers.MethodRunner.runInSequence(MethodRunner.java:63)
at org.testng.internal.invokers.TestInvoker$MethodInvocationAgent.invoke(TestInvoker.java:992)
at org.testng.internal.invokers.TestInvoker.invokeTestMethods(TestInvoker.java:203)
at org.testng.internal.invokers.TestMethodWorker.invokeTestMethods(TestMethodWorker.java:154)
at org.testng.internal.invokers.TestMethodWorker.run(TestMethodWorker.java:134)
at java.base/java.util.ArrayList.forEach(ArrayList.java:1511)
at org.testng.TestRunner.privateRun(TestRunner.java:739)
at org.testng.TestRunner.run(TestRunner.java:614)
at org.testng.SuiteRunner.runTest(SuiteRunner.java:421)
at org.testng.SuiteRunner.runSequentially(SuiteRunner.java:413)
at org.testng.SuiteRunner.privateRun(SuiteRunner.java:373)
at org.testng.SuiteRunner.run(SuiteRunner.java:312)
at org.testng.SuiteRunnerWorker.runSuite(SuiteRunnerWorker.java:52)
at org.testng.SuiteRunnerWorker.run(SuiteRunnerWorker.java:95)
at org.testng.TestNG.runSuitesSequentially(TestNG.java:1274)
at org.testng.TestNG.runSuitesLocally(TestNG.java:1208)
at org.testng.TestNG.runSuites(TestNG.java:1112)
at org.testng.TestNG.run(TestNG.java:1079)
at org.testng.remote.AbstractRemoteTestNG.run(AbstractRemoteTestNG.java:115)
at org.testng.remote.RemoteTestNG.initAndRun(RemoteTestNG.java:293)
at org.testng.remote.RemoteTestNG.main(RemoteTestNG.java:91)
]]>
            </full-stacktrace>
          </exception> <!-- java.lang.ArithmeticException -->
          <reporter-output>
          </reporter-output>
        </test-method> <!-- testMethod2 -->
        <test-method is-config="true" signature="beforeMethod()[pri:0, instance:AshotAPI.YahooMailTest@4d14b6c2]" started-at="2024-06-13T10:22:53 IST" name="beforeMethod" finished-at="2024-06-13T10:22:53 IST" duration-ms="0" status="PASS">
          <reporter-output>
          </reporter-output>
        </test-method> <!-- beforeMethod -->
        <test-method is-config="true" signature="afterMethod()[pri:0, instance:AshotAPI.YahooMailTest@4d14b6c2]" started-at="2024-06-13T10:22:53 IST" name="afterMethod" finished-at="2024-06-13T10:22:53 IST" duration-ms="0" status="PASS">
          <reporter-output>
          </reporter-output>
        </test-method> <!-- afterMethod -->
        <test-method is-config="true" signature="beforeMethod()[pri:0, instance:AshotAPI.YahooMailTest@4d14b6c2]" started-at="2024-06-13T10:22:53 IST" name="beforeMethod" finished-at="2024-06-13T10:22:53 IST" duration-ms="1" status="PASS">
          <reporter-output>
          </reporter-output>
        </test-method> <!-- beforeMethod -->
        <test-method signature="testMethod3()[pri:0, instance:AshotAPI.YahooMailTest@4d14b6c2]" started-at="2024-06-13T10:22:53 IST" name="testMethod3" finished-at="2024-06-13T10:22:53 IST" duration-ms="1" status="PASS">
          <reporter-output>
          </reporter-output>
        </test-method> <!-- testMethod3 -->
        <test-method is-config="true" signature="afterMethod()[pri:0, instance:AshotAPI.YahooMailTest@4d14b6c2]" started-at="2024-06-13T10:22:53 IST" name="afterMethod" finished-at="2024-06-13T10:22:53 IST" duration-ms="0" status="PASS">
          <reporter-output>
          </reporter-output>
        </test-method> <!-- afterMethod -->
        <test-method is-config="true" signature="afterClass()[pri:0, instance:AshotAPI.YahooMailTest@4d14b6c2]" started-at="2024-06-13T10:22:53 IST" name="afterClass" finished-at="2024-06-13T10:22:53 IST" duration-ms="0" status="PASS">
          <reporter-output>
          </reporter-output>
        </test-method> <!-- afterClass -->
        <test-method is-config="true" signature="afterSuite()[pri:0, instance:AshotAPI.YahooMailTest@4d14b6c2]" started-at="2024-06-13T10:22:53 IST" name="afterSuite" finished-at="2024-06-13T10:22:53 IST" duration-ms="0" status="PASS">
          <reporter-output>
          </reporter-output>
        </test-method> <!-- afterSuite -->
      </class> <!-- AshotAPI.YahooMailTest -->
    </test> <!-- Default test -->
  </suite> <!-- Default suite -->
</testng-results>
