<?xml version="1.0" encoding="UTF-8"?>
<!-- Generated by org.testng.reporters.JUnitXMLReporter -->
<testsuite ignored="0" hostname="alp22060" failures="0" tests="6" name="Default test" time="9.113" errors="0" timestamp="2024-07-24T17:59:17 IST">
  <testcase classname="api.test.DDTests" name="testPostuser" time="3.417"/>
  <testcase classname="api.test.DDTests" name="testPostuser" time="0.926"/>
  <testcase classname="api.test.DDTests" name="testPostuser" time="0.889"/>
  <testcase classname="api.test.DDTests" name="testDeleteuserbyname" time="0.914"/>
  <testcase classname="api.test.DDTests" name="testDeleteuserbyname" time="0.898"/>
  <testcase classname="api.test.DDTests" name="testDeleteuserbyname" time="0.936"/>
</testsuite> <!-- Default test -->
