<?xml version="1.0" encoding="UTF-8"?>
<testng-results ignored="0" total="3" passed="3" failed="0" skipped="0">
  <reporter-output>
  </reporter-output>
  <suite started-at="2024-07-27T19:56:02 IST" name="Default suite" finished-at="2024-07-27T19:57:34 IST" duration-ms="92060">
    <groups>
    </groups>
    <test started-at="2024-07-27T19:56:02 IST" name="Default test" finished-at="2024-07-27T19:57:34 IST" duration-ms="92060">
      <class name="TestngAnnotations.ScreenShot">
        <test-method is-config="true" signature="setUp()[pri:0, instance:TestngAnnotations.ScreenShot@4681c175]" started-at="2024-07-27T19:56:02 IST" name="setUp" finished-at="2024-07-27T19:56:19 IST" duration-ms="17446" status="PASS">
          <reporter-output>
          </reporter-output>
        </test-method> <!-- setUp -->
        <test-method signature="searchTest()[pri:1, instance:TestngAnnotations.ScreenShot@4681c175]" started-at="2024-07-27T19:56:19 IST" name="searchTest" finished-at="2024-07-27T19:56:26 IST" duration-ms="6667" status="PASS">
          <reporter-output>
          </reporter-output>
        </test-method> <!-- searchTest -->
        <test-method is-config="true" signature="tearDown()[pri:0, instance:TestngAnnotations.ScreenShot@4681c175]" started-at="2024-07-27T19:56:26 IST" name="tearDown" finished-at="2024-07-27T19:56:26 IST" duration-ms="512" status="PASS">
          <reporter-output>
          </reporter-output>
        </test-method> <!-- tearDown -->
        <test-method is-config="true" signature="setUp()[pri:0, instance:TestngAnnotations.ScreenShot@4681c175]" started-at="2024-07-27T19:56:26 IST" name="setUp" finished-at="2024-07-27T19:56:37 IST" duration-ms="10589" status="PASS">
          <reporter-output>
          </reporter-output>
        </test-method> <!-- setUp -->
        <test-method signature="navigateToTees()[pri:2, instance:TestngAnnotations.ScreenShot@4681c175]" started-at="2024-07-27T19:56:37 IST" name="navigateToTees" finished-at="2024-07-27T19:56:54 IST" duration-ms="17263" status="PASS">
          <reporter-output>
          </reporter-output>
        </test-method> <!-- navigateToTees -->
        <test-method is-config="true" signature="tearDown()[pri:0, instance:TestngAnnotations.ScreenShot@4681c175]" started-at="2024-07-27T19:56:54 IST" name="tearDown" finished-at="2024-07-27T19:56:54 IST" duration-ms="310" status="PASS">
          <reporter-output>
          </reporter-output>
        </test-method> <!-- tearDown -->
        <test-method is-config="true" signature="setUp()[pri:0, instance:TestngAnnotations.ScreenShot@4681c175]" started-at="2024-07-27T19:56:54 IST" name="setUp" finished-at="2024-07-27T19:57:04 IST" duration-ms="9401" status="PASS">
          <reporter-output>
          </reporter-output>
        </test-method> <!-- setUp -->
        <test-method signature="screenshot()[pri:3, instance:TestngAnnotations.ScreenShot@4681c175]" started-at="2024-07-27T19:57:04 IST" name="screenshot" finished-at="2024-07-27T19:57:33 IST" duration-ms="29510" status="PASS">
          <reporter-output>
          </reporter-output>
        </test-method> <!-- screenshot -->
        <test-method is-config="true" signature="tearDown()[pri:0, instance:TestngAnnotations.ScreenShot@4681c175]" started-at="2024-07-27T19:57:33 IST" name="tearDown" finished-at="2024-07-27T19:57:34 IST" duration-ms="279" status="PASS">
          <reporter-output>
          </reporter-output>
        </test-method> <!-- tearDown -->
      </class> <!-- TestngAnnotations.ScreenShot -->
    </test> <!-- Default test -->
  </suite> <!-- Default suite -->
</testng-results>
