<?xml version="1.0" encoding="UTF-8"?>
<!-- Generated by org.testng.reporters.JUnitXMLReporter -->
<testsuite ignored="0" hostname="alp22060" failures="0" tests="3" name="Default test" time="92.06" errors="0" timestamp="2024-07-27T19:57:34 IST">
  <testcase classname="TestngAnnotations.ScreenShot" name="searchTest" time="6.667"/>
  <testcase classname="TestngAnnotations.ScreenShot" name="navigateToTees" time="17.263"/>
  <testcase classname="TestngAnnotations.ScreenShot" name="screenshot" time="29.51"/>
</testsuite> <!-- Default test -->
