<?xml version="1.0" encoding="UTF-8"?>
<testng-results ignored="0" total="2" passed="2" failed="0" skipped="0">
  <reporter-output>
  </reporter-output>
  <suite started-at="2024-08-20T10:57:31 IST" name="Default suite" finished-at="2024-08-20T10:57:34 IST" duration-ms="2969">
    <groups>
    </groups>
    <test started-at="2024-08-20T10:57:31 IST" name="Default test" finished-at="2024-08-20T10:57:34 IST" duration-ms="2969">
      <class name="api.test.UserTests">
        <test-method is-config="true" signature="setup()[pri:0, instance:api.test.UserTests@79e4c792]" started-at="2024-08-20T10:57:31 IST" name="setup" finished-at="2024-08-20T10:57:32 IST" duration-ms="501" status="PASS">
          <reporter-output>
          </reporter-output>
        </test-method> <!-- setup -->
        <test-method signature="testReadUsers1and2()[pri:4, instance:api.test.UserTests@79e4c792]" started-at="2024-08-20T10:57:32 IST" name="testReadUsers1and2" finished-at="2024-08-20T10:57:34 IST" duration-ms="2148" status="PASS">
          <reporter-output>
          </reporter-output>
        </test-method> <!-- testReadUsers1and2 -->
        <test-method signature="testReadUser2()[pri:6, instance:api.test.UserTests@79e4c792]" started-at="2024-08-20T10:57:34 IST" name="testReadUser2" finished-at="2024-08-20T10:57:34 IST" duration-ms="269" status="PASS">
          <reporter-output>
          </reporter-output>
        </test-method> <!-- testReadUser2 -->
      </class> <!-- api.test.UserTests -->
    </test> <!-- Default test -->
  </suite> <!-- Default suite -->
</testng-results>
